[2020-09-29T13:11:26.649] [DEBUG] cheese - login => username:25,password:123456
[2020-09-29T13:11:26.651] [DEBUG] cheese - 25
[2020-09-29T13:11:26.670] [DEBUG] cheese - null
[2020-09-29T13:11:26.671] [DEBUG] cheese - null
[2020-09-29T13:11:49.218] [DEBUG] cheese - login => username:zs,password:123456
[2020-09-29T13:11:49.219] [DEBUG] cheese - zs
[2020-09-29T13:11:49.232] [DEBUG] cheese - null
[2020-09-29T13:11:49.232] [DEBUG] cheese - null
[2020-09-29T13:12:07.430] [DEBUG] cheese - login => username:admin,password:123456
[2020-09-29T13:12:07.430] [DEBUG] cheese - admin
[2020-09-29T13:12:07.448] [DEBUG] cheese - null
[2020-09-29T13:12:07.449] [DEBUG] cheese - null
[2020-10-01T15:20:39.832] [DEBUG] cheese - login => username:zs11,password:12311111
[2020-10-01T15:20:39.834] [DEBUG] cheese - zs11
[2020-10-01T15:20:39.878] [DEBUG] cheese - null
[2020-10-01T15:20:39.879] [DEBUG] cheese - null
[2020-10-01T15:23:04.033] [DEBUG] cheese - login => username:zsasd,password:123adsarff
[2020-10-01T15:23:04.033] [DEBUG] cheese - zsasd
[2020-10-01T15:23:04.036] [DEBUG] cheese - null
[2020-10-01T15:23:04.036] [DEBUG] cheese - null
[2020-10-01T15:23:18.268] [DEBUG] cheese - login => username:zsas,password:123asda
[2020-10-01T15:23:18.268] [DEBUG] cheese - zsas
[2020-10-01T15:23:18.270] [DEBUG] cheese - null
[2020-10-01T15:23:18.270] [DEBUG] cheese - null
[2020-10-01T15:24:59.636] [DEBUG] cheese - login => username:zs11,password:12311111
[2020-10-01T15:24:59.636] [DEBUG] cheese - zs11
[2020-10-01T15:24:59.638] [DEBUG] cheese - null
[2020-10-01T15:24:59.639] [DEBUG] cheese - null
[2020-10-01T15:27:31.024] [DEBUG] cheese - login => username:zs1212,password:1231212312
[2020-10-01T15:27:31.024] [DEBUG] cheese - zs1212
[2020-10-01T15:27:31.026] [DEBUG] cheese - null
[2020-10-01T15:27:31.026] [DEBUG] cheese - null
[2020-10-01T15:27:44.450] [DEBUG] cheese - login => username:admin,password:123456
[2020-10-01T15:27:44.450] [DEBUG] cheese - admin
[2020-10-01T15:27:44.454] [DEBUG] cheese - null
[2020-10-01T15:27:44.454] [DEBUG] cheese - null
[2020-10-01T15:43:21.708] [DEBUG] cheese - login => username:admin,password:123456
[2020-10-01T15:43:21.708] [DEBUG] cheese - admin
[2020-10-01T15:43:21.710] [DEBUG] cheese - null
[2020-10-01T15:43:21.711] [DEBUG] cheese - null
[2020-10-01T15:43:25.188] [DEBUG] cheese - login => username:adminas,password:123456
[2020-10-01T15:43:25.188] [DEBUG] cheese - adminas
[2020-10-01T15:43:25.189] [DEBUG] cheese - null
[2020-10-01T15:43:25.190] [DEBUG] cheese - null
[2020-10-01T16:33:48.560] [DEBUG] cheese - login => username:admin,password:123456
[2020-10-01T16:33:48.560] [DEBUG] cheese - admin
[2020-10-01T16:33:48.562] [DEBUG] cheese - null
[2020-10-01T16:33:48.562] [DEBUG] cheese - null
[2020-10-01T16:40:36.418] [DEBUG] cheese - login => username:admin,password:123456
[2020-10-01T16:40:36.419] [DEBUG] cheese - admin
[2020-10-01T16:40:36.422] [DEBUG] cheese - null
[2020-10-01T16:40:36.422] [DEBUG] cheese - null
[2020-10-01T17:26:02.950] [DEBUG] cheese - login => username:admin,password:123456
[2020-10-01T17:26:02.950] [DEBUG] cheese - admin
[2020-10-01T17:26:02.953] [DEBUG] cheese - null
[2020-10-01T17:26:02.953] [DEBUG] cheese - null
[2020-10-01T17:26:05.726] [DEBUG] cheese - login => username:admin,password:123456
[2020-10-01T17:26:05.726] [DEBUG] cheese - admin
[2020-10-01T17:26:05.729] [DEBUG] cheese - null
[2020-10-01T17:26:05.729] [DEBUG] cheese - null
[2020-10-01T17:26:06.743] [DEBUG] cheese - login => username:admin,password:123456
[2020-10-01T17:26:06.743] [DEBUG] cheese - admin
[2020-10-01T17:26:06.746] [DEBUG] cheese - null
[2020-10-01T17:26:06.747] [DEBUG] cheese - null
[2020-10-01T17:26:06.956] [DEBUG] cheese - login => username:admin,password:123456
[2020-10-01T17:26:06.957] [DEBUG] cheese - admin
[2020-10-01T17:26:06.959] [DEBUG] cheese - null
[2020-10-01T17:26:06.959] [DEBUG] cheese - null
[2020-10-01T17:26:07.129] [DEBUG] cheese - login => username:admin,password:123456
[2020-10-01T17:26:07.129] [DEBUG] cheese - admin
[2020-10-01T17:26:07.136] [DEBUG] cheese - null
[2020-10-01T17:26:07.136] [DEBUG] cheese - null
[2020-10-01T17:26:08.378] [DEBUG] cheese - login => username:admin,password:123456
[2020-10-01T17:26:08.378] [DEBUG] cheese - admin
[2020-10-01T17:26:08.382] [DEBUG] cheese - null
[2020-10-01T17:26:08.382] [DEBUG] cheese - null
[2020-10-01T17:26:08.557] [DEBUG] cheese - login => username:admin,password:123456
[2020-10-01T17:26:08.557] [DEBUG] cheese - admin
[2020-10-01T17:26:08.559] [DEBUG] cheese - null
[2020-10-01T17:26:08.559] [DEBUG] cheese - null
[2020-10-01T17:26:08.751] [DEBUG] cheese - login => username:admin,password:123456
[2020-10-01T17:26:08.751] [DEBUG] cheese - admin
[2020-10-01T17:26:08.753] [DEBUG] cheese - null
[2020-10-01T17:26:08.753] [DEBUG] cheese - null
[2020-10-01T17:26:08.952] [DEBUG] cheese - login => username:admin,password:123456
[2020-10-01T17:26:08.952] [DEBUG] cheese - admin
[2020-10-01T17:26:08.955] [DEBUG] cheese - null
[2020-10-01T17:26:08.955] [DEBUG] cheese - null
[2020-10-01T17:26:09.167] [DEBUG] cheese - login => username:admin,password:123456
[2020-10-01T17:26:09.167] [DEBUG] cheese - admin
[2020-10-01T17:26:09.170] [DEBUG] cheese - null
[2020-10-01T17:26:09.170] [DEBUG] cheese - null
[2020-10-01T17:26:09.366] [DEBUG] cheese - login => username:admin,password:123456
[2020-10-01T17:26:09.366] [DEBUG] cheese - admin
[2020-10-01T17:26:09.370] [DEBUG] cheese - null
[2020-10-01T17:26:09.370] [DEBUG] cheese - null
[2020-10-01T17:26:09.613] [DEBUG] cheese - login => username:admin,password:123456
[2020-10-01T17:26:09.613] [DEBUG] cheese - admin
[2020-10-01T17:26:09.616] [DEBUG] cheese - null
[2020-10-01T17:26:09.616] [DEBUG] cheese - null
[2020-10-01T17:26:09.831] [DEBUG] cheese - login => username:admin,password:123456
[2020-10-01T17:26:09.832] [DEBUG] cheese - admin
[2020-10-01T17:26:09.835] [DEBUG] cheese - null
[2020-10-01T17:26:09.835] [DEBUG] cheese - null
[2020-10-01T17:26:10.120] [DEBUG] cheese - login => username:admin,password:123456
[2020-10-01T17:26:10.120] [DEBUG] cheese - admin
[2020-10-01T17:26:10.123] [DEBUG] cheese - null
[2020-10-01T17:26:10.123] [DEBUG] cheese - null
[2020-10-01T17:26:10.337] [DEBUG] cheese - login => username:admin,password:123456
[2020-10-01T17:26:10.337] [DEBUG] cheese - admin
[2020-10-01T17:26:10.340] [DEBUG] cheese - null
[2020-10-01T17:26:10.340] [DEBUG] cheese - null
[2020-10-01T17:26:10.560] [DEBUG] cheese - login => username:admin,password:123456
[2020-10-01T17:26:10.560] [DEBUG] cheese - admin
[2020-10-01T17:26:10.562] [DEBUG] cheese - null
[2020-10-01T17:26:10.562] [DEBUG] cheese - null
[2020-10-01T17:26:10.783] [DEBUG] cheese - login => username:admin,password:123456
[2020-10-01T17:26:10.783] [DEBUG] cheese - admin
[2020-10-01T17:26:10.787] [DEBUG] cheese - null
[2020-10-01T17:26:10.787] [DEBUG] cheese - null
[2020-10-01T17:26:10.998] [DEBUG] cheese - login => username:admin,password:123456
[2020-10-01T17:26:10.998] [DEBUG] cheese - admin
[2020-10-01T17:26:11.003] [DEBUG] cheese - null
[2020-10-01T17:26:11.003] [DEBUG] cheese - null
[2020-10-01T17:26:11.166] [DEBUG] cheese - login => username:admin,password:123456
[2020-10-01T17:26:11.166] [DEBUG] cheese - admin
[2020-10-01T17:26:11.170] [DEBUG] cheese - null
[2020-10-01T17:26:11.170] [DEBUG] cheese - null
[2020-10-01T17:26:11.359] [DEBUG] cheese - login => username:admin,password:123456
[2020-10-01T17:26:11.359] [DEBUG] cheese - admin
[2020-10-01T17:26:11.362] [DEBUG] cheese - null
[2020-10-01T17:26:11.362] [DEBUG] cheese - null
[2020-10-01T17:26:11.546] [DEBUG] cheese - login => username:admin,password:123456
[2020-10-01T17:26:11.546] [DEBUG] cheese - admin
[2020-10-01T17:26:11.548] [DEBUG] cheese - null
[2020-10-01T17:26:11.548] [DEBUG] cheese - null
[2020-10-01T17:26:11.721] [DEBUG] cheese - login => username:admin,password:123456
[2020-10-01T17:26:11.721] [DEBUG] cheese - admin
[2020-10-01T17:26:11.724] [DEBUG] cheese - null
[2020-10-01T17:26:11.724] [DEBUG] cheese - null
[2020-10-01T17:26:11.918] [DEBUG] cheese - login => username:admin,password:123456
[2020-10-01T17:26:11.919] [DEBUG] cheese - admin
[2020-10-01T17:26:11.923] [DEBUG] cheese - null
[2020-10-01T17:26:11.923] [DEBUG] cheese - null
[2020-10-01T17:26:12.144] [DEBUG] cheese - login => username:admin,password:123456
[2020-10-01T17:26:12.144] [DEBUG] cheese - admin
[2020-10-01T17:26:12.147] [DEBUG] cheese - null
[2020-10-01T17:26:12.147] [DEBUG] cheese - null
[2020-10-01T17:26:12.361] [DEBUG] cheese - login => username:admin,password:123456
[2020-10-01T17:26:12.362] [DEBUG] cheese - admin
[2020-10-01T17:26:12.365] [DEBUG] cheese - null
[2020-10-01T17:26:12.366] [DEBUG] cheese - null
[2020-10-01T17:26:12.868] [DEBUG] cheese - login => username:admin,password:123456
[2020-10-01T17:26:12.868] [DEBUG] cheese - admin
[2020-10-01T17:26:12.876] [DEBUG] cheese - null
[2020-10-01T17:26:12.876] [DEBUG] cheese - null
[2020-10-01T17:26:13.012] [DEBUG] cheese - login => username:admin,password:123456
[2020-10-01T17:26:13.012] [DEBUG] cheese - admin
[2020-10-01T17:26:13.015] [DEBUG] cheese - null
[2020-10-01T17:26:13.015] [DEBUG] cheese - null
[2020-10-01T17:26:13.248] [DEBUG] cheese - login => username:admin,password:123456
[2020-10-01T17:26:13.248] [DEBUG] cheese - admin
[2020-10-01T17:26:13.252] [DEBUG] cheese - null
[2020-10-01T17:26:13.252] [DEBUG] cheese - null
[2020-10-01T17:26:13.416] [DEBUG] cheese - login => username:admin,password:123456
[2020-10-01T17:26:13.416] [DEBUG] cheese - admin
[2020-10-01T17:26:13.423] [DEBUG] cheese - null
[2020-10-01T17:26:13.423] [DEBUG] cheese - null
[2020-10-01T17:26:13.599] [DEBUG] cheese - login => username:admin,password:123456
[2020-10-01T17:26:13.600] [DEBUG] cheese - admin
[2020-10-01T17:26:13.603] [DEBUG] cheese - null
[2020-10-01T17:26:13.604] [DEBUG] cheese - null
[2020-10-01T17:26:13.815] [DEBUG] cheese - login => username:admin,password:123456
[2020-10-01T17:26:13.815] [DEBUG] cheese - admin
[2020-10-01T17:26:13.819] [DEBUG] cheese - null
[2020-10-01T17:26:13.819] [DEBUG] cheese - null
[2020-10-01T17:26:14.071] [DEBUG] cheese - login => username:admin,password:123456
[2020-10-01T17:26:14.071] [DEBUG] cheese - admin
[2020-10-01T17:26:14.076] [DEBUG] cheese - null
[2020-10-01T17:26:14.076] [DEBUG] cheese - null
[2020-10-01T17:26:14.253] [DEBUG] cheese - login => username:admin,password:123456
[2020-10-01T17:26:14.253] [DEBUG] cheese - admin
[2020-10-01T17:26:14.259] [DEBUG] cheese - null
[2020-10-01T17:26:14.260] [DEBUG] cheese - null
[2020-10-01T17:26:16.116] [DEBUG] cheese - login => username:admin,password:123456
[2020-10-01T17:26:16.116] [DEBUG] cheese - admin
[2020-10-01T17:26:16.118] [DEBUG] cheese - null
[2020-10-01T17:26:16.118] [DEBUG] cheese - null
[2020-10-01T17:26:16.392] [DEBUG] cheese - login => username:admin,password:123456
[2020-10-01T17:26:16.392] [DEBUG] cheese - admin
[2020-10-01T17:26:16.395] [DEBUG] cheese - null
[2020-10-01T17:26:16.396] [DEBUG] cheese - null
[2020-10-01T17:26:16.618] [DEBUG] cheese - login => username:admin,password:123456
[2020-10-01T17:26:16.618] [DEBUG] cheese - admin
[2020-10-01T17:26:16.622] [DEBUG] cheese - null
[2020-10-01T17:26:16.622] [DEBUG] cheese - null
[2020-10-01T17:26:16.822] [DEBUG] cheese - login => username:admin,password:123456
[2020-10-01T17:26:16.822] [DEBUG] cheese - admin
[2020-10-01T17:26:16.826] [DEBUG] cheese - null
[2020-10-01T17:26:16.826] [DEBUG] cheese - null
[2020-10-01T17:26:17.039] [DEBUG] cheese - login => username:admin,password:123456
[2020-10-01T17:26:17.039] [DEBUG] cheese - admin
[2020-10-01T17:26:17.043] [DEBUG] cheese - null
[2020-10-01T17:26:17.043] [DEBUG] cheese - null
[2020-10-01T17:26:17.248] [DEBUG] cheese - login => username:admin,password:123456
[2020-10-01T17:26:17.250] [DEBUG] cheese - admin
[2020-10-01T17:26:17.252] [DEBUG] cheese - null
[2020-10-01T17:26:17.252] [DEBUG] cheese - null
[2020-10-01T17:26:17.711] [DEBUG] cheese - login => username:admin,password:123456
[2020-10-01T17:26:17.711] [DEBUG] cheese - admin
[2020-10-01T17:26:17.714] [DEBUG] cheese - null
[2020-10-01T17:26:17.714] [DEBUG] cheese - null
[2020-10-01T17:26:18.063] [DEBUG] cheese - login => username:admin,password:123456
[2020-10-01T17:26:18.064] [DEBUG] cheese - admin
[2020-10-01T17:26:18.065] [DEBUG] cheese - null
[2020-10-01T17:26:18.065] [DEBUG] cheese - null
[2020-10-01T17:26:18.398] [DEBUG] cheese - login => username:admin,password:123456
[2020-10-01T17:26:18.398] [DEBUG] cheese - admin
[2020-10-01T17:26:18.400] [DEBUG] cheese - null
[2020-10-01T17:26:18.400] [DEBUG] cheese - null
[2020-10-01T17:26:19.398] [DEBUG] cheese - login => username:admin,password:123456
[2020-10-01T17:26:19.398] [DEBUG] cheese - admin
[2020-10-01T17:26:19.401] [DEBUG] cheese - null
[2020-10-01T17:26:19.401] [DEBUG] cheese - null
[2020-10-01T17:26:19.670] [DEBUG] cheese - login => username:admin,password:123456
[2020-10-01T17:26:19.671] [DEBUG] cheese - admin
[2020-10-01T17:26:19.674] [DEBUG] cheese - null
[2020-10-01T17:26:19.674] [DEBUG] cheese - null
[2020-10-01T17:26:19.779] [DEBUG] cheese - login => username:admin,password:123456
[2020-10-01T17:26:19.779] [DEBUG] cheese - admin
[2020-10-01T17:26:19.784] [DEBUG] cheese - null
[2020-10-01T17:26:19.784] [DEBUG] cheese - null
[2020-10-01T17:26:19.930] [DEBUG] cheese - login => username:admin,password:123456
[2020-10-01T17:26:19.930] [DEBUG] cheese - admin
[2020-10-01T17:26:19.933] [DEBUG] cheese - null
[2020-10-01T17:26:19.934] [DEBUG] cheese - null
[2020-10-01T17:26:20.187] [DEBUG] cheese - login => username:admin,password:123456
[2020-10-01T17:26:20.187] [DEBUG] cheese - admin
[2020-10-01T17:26:20.190] [DEBUG] cheese - null
[2020-10-01T17:26:20.190] [DEBUG] cheese - null
[2020-10-01T17:26:20.318] [DEBUG] cheese - login => username:admin,password:123456
[2020-10-01T17:26:20.318] [DEBUG] cheese - admin
[2020-10-01T17:26:20.322] [DEBUG] cheese - null
[2020-10-01T17:26:20.322] [DEBUG] cheese - null
[2020-10-01T17:26:20.894] [DEBUG] cheese - login => username:admin,password:123456
[2020-10-01T17:26:20.895] [DEBUG] cheese - admin
[2020-10-01T17:26:20.898] [DEBUG] cheese - null
[2020-10-01T17:26:20.898] [DEBUG] cheese - null
[2020-10-01T17:26:21.189] [DEBUG] cheese - login => username:admin,password:123456
[2020-10-01T17:26:21.189] [DEBUG] cheese - admin
[2020-10-01T17:26:21.191] [DEBUG] cheese - null
[2020-10-01T17:26:21.191] [DEBUG] cheese - null
[2020-10-01T17:26:21.450] [DEBUG] cheese - login => username:admin,password:123456
[2020-10-01T17:26:21.450] [DEBUG] cheese - admin
[2020-10-01T17:26:21.454] [DEBUG] cheese - null
[2020-10-01T17:26:21.454] [DEBUG] cheese - null
[2020-10-01T17:26:22.137] [DEBUG] cheese - login => username:admin,password:123456
[2020-10-01T17:26:22.137] [DEBUG] cheese - admin
[2020-10-01T17:26:22.141] [DEBUG] cheese - null
[2020-10-01T17:26:22.141] [DEBUG] cheese - null
[2020-10-01T17:26:22.526] [DEBUG] cheese - login => username:admin,password:123456
[2020-10-01T17:26:22.526] [DEBUG] cheese - admin
[2020-10-01T17:26:22.529] [DEBUG] cheese - null
[2020-10-01T17:26:22.529] [DEBUG] cheese - null
[2020-10-01T17:26:22.767] [DEBUG] cheese - login => username:admin,password:123456
[2020-10-01T17:26:22.767] [DEBUG] cheese - admin
[2020-10-01T17:26:22.771] [DEBUG] cheese - null
[2020-10-01T17:26:22.771] [DEBUG] cheese - null
[2020-10-01T17:26:24.168] [DEBUG] cheese - login => username:admin,password:123456
[2020-10-01T17:26:24.169] [DEBUG] cheese - admin
[2020-10-01T17:26:24.171] [DEBUG] cheese - null
[2020-10-01T17:26:24.171] [DEBUG] cheese - null
[2020-10-01T17:26:24.484] [DEBUG] cheese - login => username:admin,password:123456
[2020-10-01T17:26:24.484] [DEBUG] cheese - admin
[2020-10-01T17:26:24.486] [DEBUG] cheese - null
[2020-10-01T17:26:24.487] [DEBUG] cheese - null
[2020-10-01T17:26:24.692] [DEBUG] cheese - login => username:admin,password:123456
[2020-10-01T17:26:24.693] [DEBUG] cheese - admin
[2020-10-01T17:26:24.694] [DEBUG] cheese - null
[2020-10-01T17:26:24.694] [DEBUG] cheese - null
[2020-10-01T17:26:25.125] [DEBUG] cheese - login => username:admin,password:123456
[2020-10-01T17:26:25.125] [DEBUG] cheese - admin
[2020-10-01T17:26:25.127] [DEBUG] cheese - null
[2020-10-01T17:26:25.127] [DEBUG] cheese - null
[2020-10-01T17:26:25.325] [DEBUG] cheese - login => username:admin,password:123456
[2020-10-01T17:26:25.325] [DEBUG] cheese - admin
[2020-10-01T17:26:25.327] [DEBUG] cheese - null
[2020-10-01T17:26:25.327] [DEBUG] cheese - null
[2020-10-01T17:26:25.640] [DEBUG] cheese - login => username:admin,password:123456
[2020-10-01T17:26:25.640] [DEBUG] cheese - admin
[2020-10-01T17:26:25.642] [DEBUG] cheese - null
[2020-10-01T17:26:25.642] [DEBUG] cheese - null
[2020-10-01T17:26:25.951] [DEBUG] cheese - login => username:admin,password:123456
[2020-10-01T17:26:25.951] [DEBUG] cheese - admin
[2020-10-01T17:26:25.954] [DEBUG] cheese - null
[2020-10-01T17:26:25.955] [DEBUG] cheese - null
[2020-10-01T17:26:26.124] [DEBUG] cheese - login => username:admin,password:123456
[2020-10-01T17:26:26.124] [DEBUG] cheese - admin
[2020-10-01T17:26:26.126] [DEBUG] cheese - null
[2020-10-01T17:26:26.126] [DEBUG] cheese - null
[2020-10-01T17:26:26.773] [DEBUG] cheese - login => username:admin,password:123456
[2020-10-01T17:26:26.773] [DEBUG] cheese - admin
[2020-10-01T17:26:26.775] [DEBUG] cheese - null
[2020-10-01T17:26:26.775] [DEBUG] cheese - null
[2020-10-01T17:26:27.173] [DEBUG] cheese - login => username:admin,password:123456
[2020-10-01T17:26:27.174] [DEBUG] cheese - admin
[2020-10-01T17:26:27.175] [DEBUG] cheese - null
[2020-10-01T17:26:27.175] [DEBUG] cheese - null
[2020-10-01T17:26:28.657] [DEBUG] cheese - login => username:admin,password:123456
[2020-10-01T17:26:28.658] [DEBUG] cheese - admin
[2020-10-01T17:26:28.661] [DEBUG] cheese - null
[2020-10-01T17:26:28.661] [DEBUG] cheese - null
[2020-10-01T17:26:29.881] [DEBUG] cheese - login => username:admin,password:123456
[2020-10-01T17:26:29.881] [DEBUG] cheese - admin
[2020-10-01T17:26:29.883] [DEBUG] cheese - null
[2020-10-01T17:26:29.883] [DEBUG] cheese - null
[2020-10-01T17:26:30.160] [DEBUG] cheese - login => username:admin,password:123456
[2020-10-01T17:26:30.160] [DEBUG] cheese - admin
[2020-10-01T17:26:30.162] [DEBUG] cheese - null
[2020-10-01T17:26:30.162] [DEBUG] cheese - null
[2020-10-01T17:26:30.393] [DEBUG] cheese - login => username:admin,password:123456
[2020-10-01T17:26:30.393] [DEBUG] cheese - admin
[2020-10-01T17:26:30.395] [DEBUG] cheese - null
[2020-10-01T17:26:30.395] [DEBUG] cheese - null
[2020-10-01T17:26:30.575] [DEBUG] cheese - login => username:admin,password:123456
[2020-10-01T17:26:30.575] [DEBUG] cheese - admin
[2020-10-01T17:26:30.577] [DEBUG] cheese - null
[2020-10-01T17:26:30.578] [DEBUG] cheese - null
[2020-10-01T17:26:30.993] [DEBUG] cheese - login => username:admin,password:123456
[2020-10-01T17:26:30.993] [DEBUG] cheese - admin
[2020-10-01T17:26:30.995] [DEBUG] cheese - null
[2020-10-01T17:26:30.995] [DEBUG] cheese - null
[2020-10-01T17:26:31.240] [DEBUG] cheese - login => username:admin,password:123456
[2020-10-01T17:26:31.240] [DEBUG] cheese - admin
[2020-10-01T17:26:31.242] [DEBUG] cheese - null
[2020-10-01T17:26:31.242] [DEBUG] cheese - null
[2020-10-01T17:26:31.456] [DEBUG] cheese - login => username:admin,password:123456
[2020-10-01T17:26:31.456] [DEBUG] cheese - admin
[2020-10-01T17:26:31.460] [DEBUG] cheese - null
[2020-10-01T17:26:31.460] [DEBUG] cheese - null
[2020-10-01T17:26:46.464] [DEBUG] cheese - login => username:admin,password:123456
[2020-10-01T17:26:46.464] [DEBUG] cheese - admin
[2020-10-01T17:26:46.465] [DEBUG] cheese - null
[2020-10-01T17:26:46.466] [DEBUG] cheese - null
[2020-10-01T17:28:44.114] [DEBUG] cheese - login => username:admin,password:123456
[2020-10-01T17:28:44.114] [DEBUG] cheese - admin
[2020-10-01T17:28:44.118] [DEBUG] cheese - null
[2020-10-01T17:28:44.118] [DEBUG] cheese - null
[2020-10-01T17:29:08.566] [DEBUG] cheese - login => username:admin,password:123456
[2020-10-01T17:29:08.567] [DEBUG] cheese - admin
[2020-10-01T17:29:08.568] [DEBUG] cheese - null
[2020-10-01T17:29:08.568] [DEBUG] cheese - null
[2020-10-01T17:29:08.786] [DEBUG] cheese - login => username:admin,password:123456
[2020-10-01T17:29:08.786] [DEBUG] cheese - admin
[2020-10-01T17:29:08.788] [DEBUG] cheese - null
[2020-10-01T17:29:08.788] [DEBUG] cheese - null
[2020-10-01T17:29:08.959] [DEBUG] cheese - login => username:admin,password:123456
[2020-10-01T17:29:08.959] [DEBUG] cheese - admin
[2020-10-01T17:29:08.962] [DEBUG] cheese - null
[2020-10-01T17:29:08.963] [DEBUG] cheese - null
[2020-10-01T17:29:09.088] [DEBUG] cheese - login => username:admin,password:123456
[2020-10-01T17:29:09.088] [DEBUG] cheese - admin
[2020-10-01T17:29:09.091] [DEBUG] cheese - null
[2020-10-01T17:29:09.092] [DEBUG] cheese - null
[2020-10-01T17:29:09.241] [DEBUG] cheese - login => username:admin,password:123456
[2020-10-01T17:29:09.241] [DEBUG] cheese - admin
[2020-10-01T17:29:09.243] [DEBUG] cheese - null
[2020-10-01T17:29:09.243] [DEBUG] cheese - null
[2020-10-01T17:29:09.401] [DEBUG] cheese - login => username:admin,password:123456
[2020-10-01T17:29:09.401] [DEBUG] cheese - admin
[2020-10-01T17:29:09.403] [DEBUG] cheese - null
[2020-10-01T17:29:09.403] [DEBUG] cheese - null
[2020-10-01T17:29:09.521] [DEBUG] cheese - login => username:admin,password:123456
[2020-10-01T17:29:09.521] [DEBUG] cheese - admin
[2020-10-01T17:29:09.523] [DEBUG] cheese - null
[2020-10-01T17:29:09.523] [DEBUG] cheese - null
[2020-10-01T17:29:09.672] [DEBUG] cheese - login => username:admin,password:123456
[2020-10-01T17:29:09.672] [DEBUG] cheese - admin
[2020-10-01T17:29:09.674] [DEBUG] cheese - null
[2020-10-01T17:29:09.674] [DEBUG] cheese - null
[2020-10-01T17:29:09.832] [DEBUG] cheese - login => username:admin,password:123456
[2020-10-01T17:29:09.832] [DEBUG] cheese - admin
[2020-10-01T17:29:09.835] [DEBUG] cheese - null
[2020-10-01T17:29:09.835] [DEBUG] cheese - null
[2020-10-01T17:29:10.002] [DEBUG] cheese - login => username:admin,password:123456
[2020-10-01T17:29:10.002] [DEBUG] cheese - admin
[2020-10-01T17:29:10.005] [DEBUG] cheese - null
[2020-10-01T17:29:10.005] [DEBUG] cheese - null
[2020-10-01T20:12:34.641] [DEBUG] cheese - login => username:admin,password:123456
[2020-10-01T20:12:34.642] [DEBUG] cheese - admin
[2020-10-01T20:12:34.651] [DEBUG] cheese - null
[2020-10-01T20:12:34.651] [DEBUG] cheese - null
[2020-10-01T20:16:05.581] [DEBUG] cheese - login => username:admin,password:123456
[2020-10-01T20:16:05.582] [DEBUG] cheese - admin
[2020-10-01T20:16:05.584] [DEBUG] cheese - null
[2020-10-01T20:16:05.584] [DEBUG] cheese - null
[2020-10-01T20:16:07.876] [DEBUG] cheese - login => username:admin,password:123456
[2020-10-01T20:16:07.876] [DEBUG] cheese - admin
[2020-10-01T20:16:07.884] [DEBUG] cheese - null
[2020-10-01T20:16:07.884] [DEBUG] cheese - null
[2020-10-01T20:17:28.930] [DEBUG] cheese - login => username:admin,password:123456
[2020-10-01T20:17:28.931] [DEBUG] cheese - admin
[2020-10-01T20:17:28.933] [DEBUG] cheese - null
[2020-10-01T20:17:28.933] [DEBUG] cheese - null
[2020-10-01T20:17:32.384] [DEBUG] cheese - login => username:admin,password:123456
[2020-10-01T20:17:32.384] [DEBUG] cheese - admin
[2020-10-01T20:17:32.387] [DEBUG] cheese - null
[2020-10-01T20:17:32.387] [DEBUG] cheese - null
[2020-10-01T20:21:11.322] [DEBUG] cheese - login => username:admin,password:123456
[2020-10-01T20:21:11.322] [DEBUG] cheese - admin
[2020-10-01T20:43:22.401] [DEBUG] cheese - null
[2020-10-01T20:43:22.401] [DEBUG] cheese - null
[2020-10-01T20:43:22.807] [DEBUG] cheese - login => username:admin,password:123456
[2020-10-01T20:43:22.808] [DEBUG] cheese - admin
[2020-10-01T20:43:22.810] [DEBUG] cheese - login => username:admin,password:123456
[2020-10-01T20:43:22.810] [DEBUG] cheese - admin
[2020-10-01T20:43:22.816] [DEBUG] cheese - login => username:admin,password:123456
[2020-10-01T20:43:22.816] [DEBUG] cheese - admin
[2020-10-01T20:43:22.821] [DEBUG] cheese - login => username:admin,password:123456
[2020-10-01T20:43:22.821] [DEBUG] cheese - admin
[2020-10-01T20:43:22.826] [DEBUG] cheese - login => username:admin,password:123456
[2020-10-01T20:43:22.826] [DEBUG] cheese - admin
[2020-10-01T20:43:22.829] [DEBUG] cheese - login => username:admin,password:123456
[2020-10-01T20:43:22.829] [DEBUG] cheese - admin
[2020-10-01T20:43:22.833] [DEBUG] cheese - null
[2020-10-01T20:43:22.834] [DEBUG] cheese - null
[2020-10-01T20:43:22.934] [DEBUG] cheese - login => username:admin,password:123456
[2020-10-01T20:43:22.935] [DEBUG] cheese - admin
[2020-10-01T20:43:22.937] [DEBUG] cheese - null
[2020-10-01T20:43:22.937] [DEBUG] cheese - null
[2020-10-01T20:43:23.030] [DEBUG] cheese - null
[2020-10-01T20:43:23.031] [DEBUG] cheese - null
[2020-10-01T20:43:23.124] [DEBUG] cheese - null
[2020-10-01T20:43:23.125] [DEBUG] cheese - null
[2020-10-01T20:43:23.215] [DEBUG] cheese - null
[2020-10-01T20:43:23.215] [DEBUG] cheese - null
[2020-10-01T20:43:23.310] [DEBUG] cheese - null
[2020-10-01T20:43:23.310] [DEBUG] cheese - null
[2020-10-01T20:43:23.406] [DEBUG] cheese - null
[2020-10-01T20:43:23.406] [DEBUG] cheese - null
[2020-10-01T20:43:50.054] [DEBUG] cheese - login => username:admin,password:123456
[2020-10-01T20:43:50.055] [DEBUG] cheese - admin
[2020-10-01T20:43:50.068] [DEBUG] cheese - null
[2020-10-01T20:43:50.069] [DEBUG] cheese - null
[2020-10-01T20:44:02.041] [DEBUG] cheese - login => username:admin,password:123456
[2020-10-01T20:44:02.041] [DEBUG] cheese - admin
[2020-10-01T20:44:02.045] [DEBUG] cheese - null
[2020-10-01T20:44:02.045] [DEBUG] cheese - null
[2020-10-01T20:44:12.496] [DEBUG] cheese - login => username:admin,password:123456
[2020-10-01T20:44:12.496] [DEBUG] cheese - admin
[2020-10-01T20:44:12.500] [DEBUG] cheese - null
[2020-10-01T20:44:12.500] [DEBUG] cheese - null
[2020-10-01T20:44:13.776] [DEBUG] cheese - login => username:admin,password:123456
[2020-10-01T20:44:13.776] [DEBUG] cheese - admin
[2020-10-01T20:44:13.780] [DEBUG] cheese - null
[2020-10-01T20:44:13.780] [DEBUG] cheese - null
[2020-10-01T20:44:37.026] [DEBUG] cheese - login => username:admin,password:123456
[2020-10-01T20:44:37.027] [DEBUG] cheese - admin
[2020-10-01T20:44:37.030] [DEBUG] cheese - null
[2020-10-01T20:44:37.030] [DEBUG] cheese - null
[2020-10-01T21:08:40.769] [DEBUG] cheese - login => username:admin,password:123456
[2020-10-01T21:08:40.769] [DEBUG] cheese - admin
[2020-10-01T21:08:40.772] [DEBUG] cheese - null
[2020-10-01T21:08:40.772] [DEBUG] cheese - null
[2020-10-01T22:09:35.400] [DEBUG] cheese - login => username:admin,password:123456
[2020-10-01T22:09:35.400] [DEBUG] cheese - admin
[2020-10-01T22:09:35.403] [DEBUG] cheese - null
[2020-10-01T22:09:35.404] [DEBUG] cheese - null
[2020-10-01T22:09:37.641] [DEBUG] cheese - login => username:admin,password:123456
[2020-10-01T22:09:37.641] [DEBUG] cheese - admin
[2020-10-01T22:09:37.647] [DEBUG] cheese - null
[2020-10-01T22:09:37.647] [DEBUG] cheese - null
[2020-10-01T22:09:39.097] [DEBUG] cheese - login => username:admin,password:123456
[2020-10-01T22:09:39.098] [DEBUG] cheese - admin
[2020-10-01T22:09:39.099] [DEBUG] cheese - null
[2020-10-01T22:09:39.100] [DEBUG] cheese - null
[2020-10-01T22:09:39.744] [DEBUG] cheese - login => username:admin,password:123456
[2020-10-01T22:09:39.745] [DEBUG] cheese - admin
[2020-10-01T22:09:39.748] [DEBUG] cheese - null
[2020-10-01T22:09:39.748] [DEBUG] cheese - null
[2020-10-01T22:10:34.923] [DEBUG] cheese - login => username:admin,password:123456
[2020-10-01T22:10:34.925] [DEBUG] cheese - admin
[2020-10-01T22:10:34.941] [DEBUG] cheese - null
[2020-10-01T22:10:34.941] [DEBUG] cheese - null
[2020-10-01T22:10:35.507] [DEBUG] cheese - login => username:admin,password:123456
[2020-10-01T22:10:35.507] [DEBUG] cheese - admin
[2020-10-01T22:10:35.510] [DEBUG] cheese - null
[2020-10-01T22:10:35.510] [DEBUG] cheese - null
[2020-10-01T22:10:35.641] [DEBUG] cheese - login => username:admin,password:123456
[2020-10-01T22:10:35.641] [DEBUG] cheese - admin
[2020-10-01T22:10:35.644] [DEBUG] cheese - null
[2020-10-01T22:10:35.644] [DEBUG] cheese - null
[2020-10-01T22:10:37.997] [DEBUG] cheese - login => username:admin,password:123456
[2020-10-01T22:10:37.997] [DEBUG] cheese - admin
[2020-10-01T22:10:38.000] [DEBUG] cheese - null
[2020-10-01T22:10:38.000] [DEBUG] cheese - null
[2020-10-01T22:10:57.209] [DEBUG] cheese - login => username:admin,password:123456
[2020-10-01T22:10:57.209] [DEBUG] cheese - admin
[2020-10-01T22:10:57.212] [DEBUG] cheese - null
[2020-10-01T22:10:57.212] [DEBUG] cheese - null
[2020-10-01T22:10:58.841] [DEBUG] cheese - login => username:admin,password:123456
[2020-10-01T22:10:58.842] [DEBUG] cheese - admin
[2020-10-01T22:10:58.844] [DEBUG] cheese - null
[2020-10-01T22:10:58.844] [DEBUG] cheese - null
[2020-10-01T22:10:59.763] [DEBUG] cheese - login => username:admin,password:123456
[2020-10-01T22:10:59.763] [DEBUG] cheese - admin
[2020-10-01T22:10:59.766] [DEBUG] cheese - null
[2020-10-01T22:10:59.766] [DEBUG] cheese - null
[2020-10-01T22:11:38.789] [DEBUG] cheese - login => username:admin,password:123456
[2020-10-01T22:11:38.789] [DEBUG] cheese - admin
[2020-10-01T22:11:38.791] [DEBUG] cheese - null
[2020-10-01T22:11:38.791] [DEBUG] cheese - null
[2020-10-02T13:28:57.395] [DEBUG] cheese - login => username:admin,password:123456
[2020-10-02T13:28:57.395] [DEBUG] cheese - admin
[2020-10-02T13:28:57.408] [DEBUG] cheese - null
[2020-10-02T13:28:57.408] [DEBUG] cheese - null
[2020-10-02T13:45:02.187] [DEBUG] cheese - login => username:admin,password:123456
[2020-10-02T13:45:02.187] [DEBUG] cheese - admin
[2020-10-02T13:45:02.189] [DEBUG] cheese - null
[2020-10-02T13:45:02.190] [DEBUG] cheese - null
[2020-10-02T13:53:36.931] [DEBUG] cheese - login => username:admin,password:123456
[2020-10-02T13:53:36.932] [DEBUG] cheese - admin
[2020-10-02T13:53:36.936] [DEBUG] cheese - null
[2020-10-02T13:53:36.936] [DEBUG] cheese - null
[2020-10-02T14:08:18.906] [DEBUG] cheese - login => username:admin,password:123456
[2020-10-02T14:08:18.906] [DEBUG] cheese - admin
[2020-10-02T14:08:18.912] [DEBUG] cheese - null
[2020-10-02T14:08:18.913] [DEBUG] cheese - null
[2020-10-02T14:11:03.777] [DEBUG] cheese - login => username:admin,password:123456
[2020-10-02T14:11:03.777] [DEBUG] cheese - admin
[2020-10-02T14:11:03.782] [DEBUG] cheese - null
[2020-10-02T14:11:03.782] [DEBUG] cheese - null
[2020-10-02T15:39:23.069] [DEBUG] cheese - login => username:admin,password:123456
[2020-10-02T15:39:23.069] [DEBUG] cheese - admin
[2020-10-02T15:39:23.073] [DEBUG] cheese - null
[2020-10-02T15:39:23.073] [DEBUG] cheese - null
[2020-10-02T15:39:29.128] [DEBUG] cheese - login => username:admin,password:123456
[2020-10-02T15:39:29.128] [DEBUG] cheese - admin
[2020-10-02T15:39:29.131] [DEBUG] cheese - null
[2020-10-02T15:39:29.131] [DEBUG] cheese - null
[2020-10-02T15:40:19.302] [DEBUG] cheese - login => username:admin,password:123456
[2020-10-02T15:40:19.302] [DEBUG] cheese - admin
[2020-10-02T15:40:19.305] [DEBUG] cheese - null
[2020-10-02T15:40:19.305] [DEBUG] cheese - null
[2020-10-02T15:44:25.685] [DEBUG] cheese - login => username:admin,password:123456
[2020-10-02T15:44:25.686] [DEBUG] cheese - admin
[2020-10-02T15:44:25.701] [DEBUG] cheese - null
[2020-10-02T15:44:25.701] [DEBUG] cheese - null
[2020-10-02T15:47:26.614] [DEBUG] cheese - login => username:admin,password:123456
[2020-10-02T15:47:26.614] [DEBUG] cheese - admin
[2020-10-02T15:47:26.619] [DEBUG] cheese - null
[2020-10-02T15:47:26.619] [DEBUG] cheese - null
[2020-10-02T15:50:14.350] [DEBUG] cheese - login => username:admin,password:123456
[2020-10-02T15:50:14.350] [DEBUG] cheese - admin
[2020-10-02T15:50:14.355] [DEBUG] cheese - null
[2020-10-02T15:50:14.355] [DEBUG] cheese - null
[2020-10-02T21:15:01.319] [DEBUG] cheese - login => username:admin,password:123456
[2020-10-02T21:15:01.321] [DEBUG] cheese - admin
[2020-10-02T21:15:01.337] [DEBUG] cheese - null
[2020-10-02T21:15:01.338] [DEBUG] cheese - null
[2020-10-02T21:50:06.146] [DEBUG] cheese - login => username:admin,password:123456
[2020-10-02T21:50:06.147] [DEBUG] cheese - admin
[2020-10-02T21:50:06.156] [DEBUG] cheese - null
[2020-10-02T21:50:06.156] [DEBUG] cheese - null
[2020-10-02T22:05:37.398] [DEBUG] cheese - login => username:admin,password:123456
[2020-10-02T22:05:37.398] [DEBUG] cheese - admin
[2020-10-02T22:05:37.405] [DEBUG] cheese - null
[2020-10-02T22:05:37.405] [DEBUG] cheese - null
[2020-10-03T11:30:32.768] [DEBUG] cheese - login => username:admin,password:123456
[2020-10-03T11:30:32.769] [DEBUG] cheese - admin
[2020-10-03T11:30:32.775] [DEBUG] cheese - null
[2020-10-03T11:30:32.775] [DEBUG] cheese - null
[2020-10-03T11:34:22.643] [DEBUG] cheese - login => username:admin,password:123456
[2020-10-03T11:34:22.644] [DEBUG] cheese - admin
[2020-10-03T11:34:22.646] [DEBUG] cheese - null
[2020-10-03T11:34:22.646] [DEBUG] cheese - null
[2020-10-03T15:01:30.894] [DEBUG] cheese - login => username:admin,password:123456
[2020-10-03T15:01:30.896] [DEBUG] cheese - admin
[2020-10-03T15:01:30.908] [DEBUG] cheese - null
[2020-10-03T15:01:30.910] [DEBUG] cheese - null
[2020-10-03T15:08:11.302] [DEBUG] cheese - login => username:admin,password:123456
[2020-10-03T15:08:11.302] [DEBUG] cheese - admin
[2020-10-03T15:08:11.305] [DEBUG] cheese - null
[2020-10-03T15:08:11.305] [DEBUG] cheese - null
[2020-10-03T15:11:58.767] [DEBUG] cheese - login => username:admin,password:123456
[2020-10-03T15:11:58.767] [DEBUG] cheese - admin
[2020-10-03T15:11:58.770] [DEBUG] cheese - null
[2020-10-03T15:11:58.770] [DEBUG] cheese - null
[2020-10-03T15:19:59.052] [DEBUG] cheese - login => username:admin,password:123456
[2020-10-03T15:19:59.052] [DEBUG] cheese - admin
[2020-10-03T15:19:59.056] [DEBUG] cheese - null
[2020-10-03T15:19:59.056] [DEBUG] cheese - null
[2020-10-03T15:20:00.536] [DEBUG] cheese - login => username:admin,password:123456
[2020-10-03T15:20:00.537] [DEBUG] cheese - admin
[2020-10-03T15:20:00.540] [DEBUG] cheese - null
[2020-10-03T15:20:00.540] [DEBUG] cheese - null
[2020-10-03T15:20:00.710] [DEBUG] cheese - login => username:admin,password:123456
[2020-10-03T15:20:00.710] [DEBUG] cheese - admin
[2020-10-03T15:20:00.713] [DEBUG] cheese - null
[2020-10-03T15:20:00.713] [DEBUG] cheese - null
[2020-10-03T15:20:00.904] [DEBUG] cheese - login => username:admin,password:123456
[2020-10-03T15:20:00.905] [DEBUG] cheese - admin
[2020-10-03T15:20:00.908] [DEBUG] cheese - null
[2020-10-03T15:20:00.908] [DEBUG] cheese - null
[2020-10-03T15:20:01.095] [DEBUG] cheese - login => username:admin,password:123456
[2020-10-03T15:20:01.095] [DEBUG] cheese - admin
[2020-10-03T15:20:01.098] [DEBUG] cheese - null
[2020-10-03T15:20:01.098] [DEBUG] cheese - null
[2020-10-03T15:20:01.727] [DEBUG] cheese - login => username:admin,password:123456
[2020-10-03T15:20:01.727] [DEBUG] cheese - admin
[2020-10-03T15:20:01.730] [DEBUG] cheese - null
[2020-10-03T15:20:01.730] [DEBUG] cheese - null
[2020-10-03T15:20:01.943] [DEBUG] cheese - login => username:admin,password:123456
[2020-10-03T15:20:01.943] [DEBUG] cheese - admin
[2020-10-03T15:20:01.945] [DEBUG] cheese - null
[2020-10-03T15:20:01.945] [DEBUG] cheese - null
[2020-10-03T15:20:02.151] [DEBUG] cheese - login => username:admin,password:123456
[2020-10-03T15:20:02.151] [DEBUG] cheese - admin
[2020-10-03T15:20:02.155] [DEBUG] cheese - null
[2020-10-03T15:20:02.155] [DEBUG] cheese - null
[2020-10-03T15:20:02.311] [DEBUG] cheese - login => username:admin,password:123456
[2020-10-03T15:20:02.311] [DEBUG] cheese - admin
[2020-10-03T15:20:02.314] [DEBUG] cheese - null
[2020-10-03T15:20:02.314] [DEBUG] cheese - null
[2020-10-03T15:20:02.462] [DEBUG] cheese - login => username:admin,password:123456
[2020-10-03T15:20:02.463] [DEBUG] cheese - admin
[2020-10-03T15:20:02.465] [DEBUG] cheese - null
[2020-10-03T15:20:02.465] [DEBUG] cheese - null
[2020-10-03T15:20:02.625] [DEBUG] cheese - login => username:admin,password:123456
[2020-10-03T15:20:02.625] [DEBUG] cheese - admin
[2020-10-03T15:20:02.628] [DEBUG] cheese - null
[2020-10-03T15:20:02.629] [DEBUG] cheese - null
[2020-10-03T15:20:02.798] [DEBUG] cheese - login => username:admin,password:123456
[2020-10-03T15:20:02.798] [DEBUG] cheese - admin
[2020-10-03T15:20:02.801] [DEBUG] cheese - null
[2020-10-03T15:20:02.801] [DEBUG] cheese - null
[2020-10-03T15:20:02.950] [DEBUG] cheese - login => username:admin,password:123456
[2020-10-03T15:20:02.950] [DEBUG] cheese - admin
[2020-10-03T15:20:02.954] [DEBUG] cheese - null
[2020-10-03T15:20:02.954] [DEBUG] cheese - null
[2020-10-03T15:20:03.086] [DEBUG] cheese - login => username:admin,password:123456
[2020-10-03T15:20:03.086] [DEBUG] cheese - admin
[2020-10-03T15:20:03.091] [DEBUG] cheese - null
[2020-10-03T15:20:03.091] [DEBUG] cheese - null
[2020-10-03T15:20:03.225] [DEBUG] cheese - login => username:admin,password:123456
[2020-10-03T15:20:03.225] [DEBUG] cheese - admin
[2020-10-03T15:20:03.227] [DEBUG] cheese - null
[2020-10-03T15:20:03.227] [DEBUG] cheese - null
[2020-10-03T15:20:03.366] [DEBUG] cheese - login => username:admin,password:123456
[2020-10-03T15:20:03.366] [DEBUG] cheese - admin
[2020-10-03T15:20:03.368] [DEBUG] cheese - null
[2020-10-03T15:20:03.368] [DEBUG] cheese - null
[2020-10-03T15:20:03.536] [DEBUG] cheese - login => username:admin,password:123456
[2020-10-03T15:20:03.536] [DEBUG] cheese - admin
[2020-10-03T15:20:03.542] [DEBUG] cheese - null
[2020-10-03T15:20:03.542] [DEBUG] cheese - null
[2020-10-03T15:20:03.763] [DEBUG] cheese - login => username:admin,password:123456
[2020-10-03T15:20:03.763] [DEBUG] cheese - admin
[2020-10-03T15:20:03.766] [DEBUG] cheese - null
[2020-10-03T15:20:03.767] [DEBUG] cheese - null
[2020-10-03T15:20:03.995] [DEBUG] cheese - login => username:admin,password:123456
[2020-10-03T15:20:03.996] [DEBUG] cheese - admin
[2020-10-03T15:20:04.002] [DEBUG] cheese - null
[2020-10-03T15:20:04.002] [DEBUG] cheese - null
[2020-10-03T15:20:04.185] [DEBUG] cheese - login => username:admin,password:123456
[2020-10-03T15:20:04.186] [DEBUG] cheese - admin
[2020-10-03T15:20:04.190] [DEBUG] cheese - null
[2020-10-03T15:20:04.190] [DEBUG] cheese - null
[2020-10-03T15:20:04.383] [DEBUG] cheese - login => username:admin,password:123456
[2020-10-03T15:20:04.383] [DEBUG] cheese - admin
[2020-10-03T15:20:04.385] [DEBUG] cheese - null
[2020-10-03T15:20:04.385] [DEBUG] cheese - null
[2020-10-03T15:20:04.560] [DEBUG] cheese - login => username:admin,password:123456
[2020-10-03T15:20:04.560] [DEBUG] cheese - admin
[2020-10-03T15:20:04.564] [DEBUG] cheese - null
[2020-10-03T15:20:04.564] [DEBUG] cheese - null
[2020-10-03T15:20:04.751] [DEBUG] cheese - login => username:admin,password:123456
[2020-10-03T15:20:04.751] [DEBUG] cheese - admin
[2020-10-03T15:20:04.753] [DEBUG] cheese - null
[2020-10-03T15:20:04.753] [DEBUG] cheese - null
[2020-10-03T15:21:57.462] [DEBUG] cheese - login => username:admin,password:123456
[2020-10-03T15:21:57.462] [DEBUG] cheese - admin
[2020-10-03T15:21:57.469] [DEBUG] cheese - null
[2020-10-03T15:21:57.469] [DEBUG] cheese - null
[2020-10-03T15:22:57.839] [DEBUG] cheese - login => username:admin,password:123456
[2020-10-03T15:22:57.839] [DEBUG] cheese - admin
[2020-10-03T15:22:57.847] [DEBUG] cheese - null
[2020-10-03T15:22:57.847] [DEBUG] cheese - null
[2020-10-03T15:24:01.113] [DEBUG] cheese - login => username:admin,password:123456
[2020-10-03T15:24:01.113] [DEBUG] cheese - admin
[2020-10-03T15:24:01.115] [DEBUG] cheese - null
[2020-10-03T15:24:01.115] [DEBUG] cheese - null
[2020-10-03T15:38:35.111] [DEBUG] cheese - login => username:admin,password:123456
[2020-10-03T15:38:35.111] [DEBUG] cheese - admin
[2020-10-03T15:38:35.114] [DEBUG] cheese - null
[2020-10-03T15:38:35.114] [DEBUG] cheese - null
[2020-10-03T15:48:58.820] [DEBUG] cheese - login => username:admin,password:123456
[2020-10-03T15:48:58.821] [DEBUG] cheese - admin
[2020-10-03T15:48:58.826] [DEBUG] cheese - null
[2020-10-03T15:48:58.826] [DEBUG] cheese - null
[2020-10-03T16:01:39.577] [DEBUG] cheese - login => username:admin,password:123456
[2020-10-03T16:01:39.580] [DEBUG] cheese - admin
[2020-10-03T16:01:39.604] [DEBUG] cheese - login => username:admin,password:123456
[2020-10-03T16:01:39.606] [DEBUG] cheese - admin
[2020-10-03T16:01:39.614] [DEBUG] cheese - login => username:admin,password:123456
[2020-10-03T16:01:39.616] [DEBUG] cheese - admin
[2020-10-03T16:01:39.626] [DEBUG] cheese - login => username:admin,password:123456
[2020-10-03T16:01:39.626] [DEBUG] cheese - admin
[2020-10-03T16:01:39.637] [DEBUG] cheese - login => username:admin,password:123456
[2020-10-03T16:01:39.638] [DEBUG] cheese - admin
[2020-10-03T16:01:39.646] [DEBUG] cheese - login => username:admin,password:123456
[2020-10-03T16:01:39.646] [DEBUG] cheese - admin
[2020-10-03T16:01:39.686] [DEBUG] cheese - null
[2020-10-03T16:01:39.688] [DEBUG] cheese - null
[2020-10-03T16:01:39.857] [DEBUG] cheese - null
[2020-10-03T16:01:39.858] [DEBUG] cheese - null
[2020-10-03T16:01:40.098] [DEBUG] cheese - null
[2020-10-03T16:01:40.099] [DEBUG] cheese - null
[2020-10-03T16:01:40.275] [DEBUG] cheese - null
[2020-10-03T16:01:40.275] [DEBUG] cheese - null
[2020-10-03T16:01:40.421] [DEBUG] cheese - null
[2020-10-03T16:01:40.421] [DEBUG] cheese - null
[2020-10-03T16:01:40.569] [DEBUG] cheese - null
[2020-10-03T16:01:40.570] [DEBUG] cheese - null
[2020-10-03T16:01:40.697] [DEBUG] cheese - login => username:admin,password:123456
[2020-10-03T16:01:40.698] [DEBUG] cheese - admin
[2020-10-03T16:01:40.708] [DEBUG] cheese - login => username:admin,password:123456
[2020-10-03T16:01:40.709] [DEBUG] cheese - admin
[2020-10-03T16:01:40.714] [DEBUG] cheese - login => username:admin,password:123456
[2020-10-03T16:01:40.715] [DEBUG] cheese - admin
[2020-10-03T16:01:40.722] [DEBUG] cheese - login => username:admin,password:123456
[2020-10-03T16:01:40.722] [DEBUG] cheese - admin
[2020-10-03T16:01:40.728] [DEBUG] cheese - login => username:admin,password:123456
[2020-10-03T16:01:40.728] [DEBUG] cheese - admin
[2020-10-03T16:01:40.730] [DEBUG] cheese - login => username:admin,password:123456
[2020-10-03T16:01:40.730] [DEBUG] cheese - admin
[2020-10-03T16:01:40.746] [DEBUG] cheese - null
[2020-10-03T16:01:40.746] [DEBUG] cheese - null
[2020-10-03T16:01:40.870] [DEBUG] cheese - null
[2020-10-03T16:01:40.870] [DEBUG] cheese - null
[2020-10-03T16:01:41.008] [DEBUG] cheese - null
[2020-10-03T16:01:41.008] [DEBUG] cheese - null
[2020-10-03T16:01:41.130] [DEBUG] cheese - null
[2020-10-03T16:01:41.131] [DEBUG] cheese - null
[2020-10-03T16:01:41.257] [DEBUG] cheese - null
[2020-10-03T16:01:41.259] [DEBUG] cheese - null
[2020-10-03T16:01:41.377] [DEBUG] cheese - login => username:admin,password:123456
[2020-10-03T16:01:41.377] [DEBUG] cheese - admin
[2020-10-03T16:01:41.387] [DEBUG] cheese - login => username:admin,password:123456
[2020-10-03T16:01:41.388] [DEBUG] cheese - admin
[2020-10-03T16:01:41.394] [DEBUG] cheese - login => username:admin,password:123456
[2020-10-03T16:01:41.394] [DEBUG] cheese - admin
[2020-10-03T16:01:41.406] [DEBUG] cheese - null
[2020-10-03T16:01:41.406] [DEBUG] cheese - null
[2020-10-03T16:01:41.527] [DEBUG] cheese - login => username:admin,password:123456
[2020-10-03T16:01:41.528] [DEBUG] cheese - admin
[2020-10-03T16:01:41.532] [DEBUG] cheese - login => username:admin,password:123456
[2020-10-03T16:01:41.532] [DEBUG] cheese - admin
[2020-10-03T16:01:41.546] [DEBUG] cheese - login => username:admin,password:123456
[2020-10-03T16:01:41.546] [DEBUG] cheese - admin
[2020-10-03T16:01:41.548] [DEBUG] cheese - null
[2020-10-03T16:01:41.548] [DEBUG] cheese - null
[2020-10-03T16:01:41.726] [DEBUG] cheese - null
[2020-10-03T16:01:41.726] [DEBUG] cheese - null
[2020-10-03T16:01:41.865] [DEBUG] cheese - null
[2020-10-03T16:01:41.866] [DEBUG] cheese - null
[2020-10-03T16:01:41.997] [DEBUG] cheese - null
[2020-10-03T16:01:41.998] [DEBUG] cheese - null
[2020-10-03T16:01:42.159] [DEBUG] cheese - null
[2020-10-03T16:01:42.159] [DEBUG] cheese - null
[2020-10-03T16:01:42.285] [DEBUG] cheese - null
[2020-10-03T16:01:42.291] [DEBUG] cheese - null
[2020-10-03T16:01:42.418] [DEBUG] cheese - login => username:admin,password:123456
[2020-10-03T16:01:42.420] [DEBUG] cheese - admin
[2020-10-03T16:01:42.433] [DEBUG] cheese - login => username:admin,password:123456
[2020-10-03T16:01:42.433] [DEBUG] cheese - admin
[2020-10-03T16:01:42.441] [DEBUG] cheese - login => username:admin,password:123456
[2020-10-03T16:01:42.442] [DEBUG] cheese - admin
[2020-10-03T16:01:42.443] [DEBUG] cheese - login => username:admin,password:123456
[2020-10-03T16:01:42.443] [DEBUG] cheese - admin
[2020-10-03T16:01:42.449] [DEBUG] cheese - null
[2020-10-03T16:01:42.450] [DEBUG] cheese - null
[2020-10-03T16:01:42.583] [DEBUG] cheese - null
[2020-10-03T16:01:42.583] [DEBUG] cheese - null
[2020-10-03T16:01:42.696] [DEBUG] cheese - null
[2020-10-03T16:01:42.696] [DEBUG] cheese - null
[2020-10-03T16:01:42.826] [DEBUG] cheese - null
[2020-10-03T16:01:42.827] [DEBUG] cheese - null
[2020-10-03T16:02:04.101] [DEBUG] cheese - login => username:admin,password:123456
[2020-10-03T16:02:04.102] [DEBUG] cheese - admin
[2020-10-03T16:02:04.120] [DEBUG] cheese - null
[2020-10-03T16:02:04.120] [DEBUG] cheese - null
[2020-10-03T16:02:07.292] [DEBUG] cheese - login => username:admin,password:123456
[2020-10-03T16:02:07.292] [DEBUG] cheese - admin
[2020-10-03T16:02:07.299] [DEBUG] cheese - null
[2020-10-03T16:02:07.299] [DEBUG] cheese - null
[2020-10-03T16:02:11.493] [DEBUG] cheese - login => username:admin,password:123456
[2020-10-03T16:02:11.493] [DEBUG] cheese - admin
[2020-10-03T16:02:11.498] [DEBUG] cheese - null
[2020-10-03T16:02:11.498] [DEBUG] cheese - null
[2020-10-03T17:02:38.810] [DEBUG] cheese - login => username:admin,password:123456
[2020-10-03T17:02:38.810] [DEBUG] cheese - admin
[2020-10-03T17:02:38.814] [DEBUG] cheese - null
[2020-10-03T17:02:38.814] [DEBUG] cheese - null
[2020-10-03T17:29:51.951] [DEBUG] cheese - login => username:admin,password:123456
[2020-10-03T17:29:51.951] [DEBUG] cheese - admin
[2020-10-03T17:29:51.953] [DEBUG] cheese - null
[2020-10-03T17:29:51.954] [DEBUG] cheese - null
[2020-10-03T17:29:55.294] [DEBUG] cheese - login => username:admin,password:123456
[2020-10-03T17:29:55.294] [DEBUG] cheese - admin
[2020-10-03T17:29:55.296] [DEBUG] cheese - null
[2020-10-03T17:29:55.296] [DEBUG] cheese - null
[2020-10-03T17:29:59.492] [DEBUG] cheese - login => username:admin,password:123456
[2020-10-03T17:29:59.492] [DEBUG] cheese - admin
[2020-10-03T17:29:59.494] [DEBUG] cheese - null
[2020-10-03T17:29:59.494] [DEBUG] cheese - null
[2020-10-03T17:41:13.588] [DEBUG] cheese - login => username:admin,password:123456
[2020-10-03T17:41:13.589] [DEBUG] cheese - admin
[2020-10-03T17:41:13.591] [DEBUG] cheese - null
[2020-10-03T17:41:13.591] [DEBUG] cheese - null
[2020-10-03T22:31:56.944] [DEBUG] cheese - login => username:admin,password:123456
[2020-10-03T22:31:56.944] [DEBUG] cheese - admin
[2020-10-03T22:31:56.948] [DEBUG] cheese - null
[2020-10-03T22:31:56.948] [DEBUG] cheese - null
[2020-10-03T22:31:57.951] [DEBUG] cheese - login => username:admin,password:123456
[2020-10-03T22:31:57.951] [DEBUG] cheese - admin
[2020-10-03T22:31:57.953] [DEBUG] cheese - null
[2020-10-03T22:31:57.953] [DEBUG] cheese - null
[2020-10-03T22:34:51.311] [DEBUG] cheese - login => username:admin,password:123456
[2020-10-03T22:34:51.312] [DEBUG] cheese - admin
[2020-10-03T22:34:51.323] [DEBUG] cheese - null
[2020-10-03T22:34:51.324] [DEBUG] cheese - null
[2020-10-03T22:42:01.507] [DEBUG] cheese - login => username:admin,password:123456
[2020-10-03T22:42:01.507] [DEBUG] cheese - admin
[2020-10-03T22:42:01.509] [DEBUG] cheese - null
[2020-10-03T22:42:01.510] [DEBUG] cheese - null
[2020-10-04T15:32:13.368] [DEBUG] cheese - login => username:admin,password:123456
[2020-10-04T15:32:13.369] [DEBUG] cheese - admin
[2020-10-04T15:32:13.384] [DEBUG] cheese - null
[2020-10-04T15:32:13.384] [DEBUG] cheese - null
[2020-10-04T15:39:18.085] [DEBUG] cheese - login => username:admin,password:123456
[2020-10-04T15:39:18.085] [DEBUG] cheese - admin
[2020-10-04T15:39:18.087] [DEBUG] cheese - null
[2020-10-04T15:39:18.087] [DEBUG] cheese - null
[2020-10-04T19:18:36.947] [DEBUG] cheese - login => username:admin,password:123456
[2020-10-04T19:18:36.947] [DEBUG] cheese - admin
[2020-10-04T19:18:36.950] [DEBUG] cheese - null
[2020-10-04T19:18:36.950] [DEBUG] cheese - null
[2020-10-07T09:51:26.451] [DEBUG] cheese - login => username:admin,password:123456
[2020-10-07T09:51:26.452] [DEBUG] cheese - admin
[2020-10-07T09:51:26.474] [DEBUG] cheese - null
[2020-10-07T09:51:26.474] [DEBUG] cheese - null
[2020-10-07T10:06:01.282] [DEBUG] cheese - login => username:admin,password:123456
[2020-10-07T10:06:01.282] [DEBUG] cheese - admin
[2020-10-07T10:06:01.286] [DEBUG] cheese - null
[2020-10-07T10:06:01.287] [DEBUG] cheese - null
[2020-10-07T11:20:33.398] [DEBUG] cheese - login => username:admin,password:123456
[2020-10-07T11:20:33.398] [DEBUG] cheese - admin
[2020-10-07T11:20:33.402] [DEBUG] cheese - null
[2020-10-07T11:20:33.403] [DEBUG] cheese - null
[2020-10-07T19:18:41.641] [DEBUG] cheese - login => username:admin,password:123456
[2020-10-07T19:18:41.642] [DEBUG] cheese - admin
[2020-10-07T19:18:41.645] [DEBUG] cheese - null
[2020-10-07T19:18:41.645] [DEBUG] cheese - null
[2020-10-07T19:18:43.424] [DEBUG] cheese - login => username:admin,password:123456
[2020-10-07T19:18:43.425] [DEBUG] cheese - admin
[2020-10-07T19:18:43.429] [DEBUG] cheese - null
[2020-10-07T19:18:43.430] [DEBUG] cheese - null
[2020-10-07T19:20:54.185] [DEBUG] cheese - login => username:admin,password:123456
[2020-10-07T19:20:54.186] [DEBUG] cheese - admin
[2020-10-07T19:20:54.188] [DEBUG] cheese - null
[2020-10-07T19:20:54.188] [DEBUG] cheese - null
[2020-10-07T19:21:20.377] [DEBUG] cheese - login => username:admin,password:123456
[2020-10-07T19:21:20.377] [DEBUG] cheese - admin
[2020-10-07T19:21:20.389] [DEBUG] cheese - null
[2020-10-07T19:21:20.389] [DEBUG] cheese - null
[2020-10-07T19:34:03.580] [DEBUG] cheese - login => username:admin,password:123456
[2020-10-07T19:34:03.581] [DEBUG] cheese - admin
[2020-10-07T19:34:03.583] [DEBUG] cheese - null
[2020-10-07T19:34:03.583] [DEBUG] cheese - null
[2020-10-07T19:34:15.381] [DEBUG] cheese - login => username:admin,password:123456
[2020-10-07T19:34:15.381] [DEBUG] cheese - admin
[2020-10-07T19:34:15.383] [DEBUG] cheese - null
[2020-10-07T19:34:15.383] [DEBUG] cheese - null
[2020-10-07T19:35:14.101] [DEBUG] cheese - login => username:admin,password:123456
[2020-10-07T19:35:14.101] [DEBUG] cheese - admin
[2020-10-07T19:35:14.105] [DEBUG] cheese - null
[2020-10-07T19:35:14.105] [DEBUG] cheese - null
[2020-10-07T20:50:49.821] [DEBUG] cheese - login => username:admin,password:123456
[2020-10-07T20:50:49.823] [DEBUG] cheese - admin
[2020-10-07T20:50:49.838] [DEBUG] cheese - null
[2020-10-07T20:50:49.839] [DEBUG] cheese - null
[2020-10-07T20:50:49.979] [DEBUG] cheese - login => username:admin,password:123456
[2020-10-07T20:50:49.980] [DEBUG] cheese - admin
[2020-10-07T20:50:49.985] [DEBUG] cheese - null
[2020-10-07T20:50:49.985] [DEBUG] cheese - null
[2020-10-07T21:03:19.874] [DEBUG] cheese - login => username:admin,password:123456
[2020-10-07T21:03:19.874] [DEBUG] cheese - admin
[2020-10-07T21:03:19.877] [DEBUG] cheese - null
[2020-10-07T21:03:19.877] [DEBUG] cheese - null
[2020-10-07T21:03:44.843] [DEBUG] cheese - login => username:admin,password:123456
[2020-10-07T21:03:44.844] [DEBUG] cheese - admin
[2020-10-07T21:03:44.859] [DEBUG] cheese - null
[2020-10-07T21:03:44.859] [DEBUG] cheese - null
[2020-10-07T21:21:00.843] [DEBUG] cheese - login => username:admin,password:123456
[2020-10-07T21:21:00.843] [DEBUG] cheese - admin
[2020-10-07T21:21:00.846] [DEBUG] cheese - null
[2020-10-07T21:21:00.847] [DEBUG] cheese - null
[2020-10-07T21:22:20.410] [DEBUG] cheese - login => username:admin,password:123456
[2020-10-07T21:22:20.411] [DEBUG] cheese - admin
[2020-10-07T21:22:20.414] [DEBUG] cheese - null
[2020-10-07T21:22:20.414] [DEBUG] cheese - null
[2020-10-07T22:49:43.765] [DEBUG] cheese - login => username:admin,password:123456
[2020-10-07T22:49:43.765] [DEBUG] cheese - admin
[2020-10-07T22:49:43.768] [DEBUG] cheese - null
[2020-10-07T22:49:43.768] [DEBUG] cheese - null
[2020-10-07T22:58:36.933] [DEBUG] cheese - login => username:admin,password:123456
[2020-10-07T22:58:36.933] [DEBUG] cheese - admin
[2020-10-07T22:58:36.937] [DEBUG] cheese - null
[2020-10-07T22:58:36.937] [DEBUG] cheese - null
[2020-10-08T09:45:44.853] [DEBUG] cheese - login => username:admin,password:123456
[2020-10-08T09:45:44.853] [DEBUG] cheese - admin
[2020-10-08T09:45:44.856] [DEBUG] cheese - null
[2020-10-08T09:45:44.856] [DEBUG] cheese - null
[2020-10-08T09:50:53.435] [DEBUG] cheese - login => username:admin,password:123456
[2020-10-08T09:50:53.437] [DEBUG] cheese - admin
[2020-10-08T09:50:53.442] [DEBUG] cheese - null
[2020-10-08T09:50:53.443] [DEBUG] cheese - null
[2020-10-08T15:22:00.792] [DEBUG] cheese - null
[2020-10-08T15:22:08.542] [DEBUG] cheese - null
[2020-10-08T15:24:40.793] [DEBUG] cheese - null
[2020-10-08T15:26:41.721] [DEBUG] cheese - null
[2020-10-08T15:26:50.462] [DEBUG] cheese - null
[2020-10-09T10:07:09.880] [DEBUG] cheese - login => username:admin,password:123456
[2020-10-09T10:07:09.883] [DEBUG] cheese - admin
[2020-10-09T10:07:09.907] [DEBUG] cheese - null
[2020-10-09T10:07:09.908] [DEBUG] cheese - null
[2020-10-09T15:40:30.030] [DEBUG] cheese - login => username:admin,password:123456
[2020-10-09T15:40:30.031] [DEBUG] cheese - admin
[2020-10-09T15:40:30.048] [DEBUG] cheese - null
[2020-10-09T15:40:30.049] [DEBUG] cheese - null
[2020-10-12T21:07:39.413] [DEBUG] cheese - login => username:admin,password:123456
[2020-10-12T21:07:39.418] [DEBUG] cheese - admin
[2020-10-12T21:07:39.443] [DEBUG] cheese - null
[2020-10-12T21:07:39.443] [DEBUG] cheese - null
[2020-10-13T11:20:34.472] [DEBUG] cheese - login => username:admin,password:123456
[2020-10-13T11:20:34.474] [DEBUG] cheese - admin
[2020-10-13T11:20:34.509] [DEBUG] cheese - null
[2020-10-13T11:20:34.510] [DEBUG] cheese - null
[2020-10-13T18:44:49.359] [DEBUG] cheese - login => username:admin,password:123456
[2020-10-13T18:44:49.362] [DEBUG] cheese - admin
[2020-10-13T18:44:49.369] [DEBUG] cheese - null
[2020-10-13T18:44:49.370] [DEBUG] cheese - null
[2020-10-13T21:42:50.486] [DEBUG] cheese - login => username:admin,password:123456
[2020-10-13T21:42:50.488] [DEBUG] cheese - admin
[2020-10-13T21:42:50.533] [DEBUG] cheese - null
[2020-10-13T21:42:50.534] [DEBUG] cheese - null
[2020-10-14T10:03:47.365] [DEBUG] cheese - login => username:admin,password:123456
[2020-10-14T10:03:47.367] [DEBUG] cheese - admin
[2020-10-14T10:03:47.375] [DEBUG] cheese - null
[2020-10-14T10:03:47.375] [DEBUG] cheese - null
[2020-10-14T15:42:19.225] [DEBUG] cheese - login => username:admin,password:123456
[2020-10-14T15:42:19.226] [DEBUG] cheese - admin
[2020-10-14T15:42:19.262] [DEBUG] cheese - null
[2020-10-14T15:42:19.263] [DEBUG] cheese - null
